#
# There is insufficient memory for the Java Runtime Environment to continue.
# Cannot create worker GC thread. Out of system resources.
# Possible reasons:
#   The system is out of physical RAM or swap space
#   This process is running with CompressedOops enabled, and the Java Heap may be blocking the growth of the native heap
# Possible solutions:
#   Reduce memory load on the system
#   Increase physical memory or swap space
#   Check if swap backing store is full
#   Decrease Java heap size (-Xmx/-Xms)
#   Decrease number of Java threads
#   Decrease Java thread stack sizes (-Xss)
#   Set larger code cache with -XX:ReservedCodeCacheSize=
#   JVM is running with Zero Based Compressed Oops mode in which the Java heap is
#     placed in the first 32GB address space. The Java Heap base address is the
#     maximum limit for the native heap growth. Please use -XX:HeapBaseMinAddress
#     to set the Java Heap base and to place the Java Heap above 32GB virtual address.
# This output file may be truncated or incomplete.
#
#  Out of Memory Error (workerManager.hpp:87), pid=284160, tid=284160
#
# JRE version:  (17.0.16+8) (build )
# Java VM: OpenJDK 64-Bit Server VM (17.0.16+8-Ubuntu-0ubuntu124.04.1, mixed mode, sharing, tiered, compressed oops, compressed class ptrs, g1 gc, linux-amd64)
# Core dump will be written. Default location: Core dumps may be processed with "/usr/share/apport/apport -p%p -s%s -c%c -d%d -P%P -u%u -g%g -F%F -- %E" (or dumping to /home/ruddypazd/Documents/GitHub/caja/server/core.284160)
#

---------------  S U M M A R Y ------------

Command Line: -agentlib:jdwp=transport=dt_socket,server=n,suspend=y,address=localhost:39411 -XX:+ShowCodeDetailsInExceptionMessages App

Host: AMD Ryzen 5 7535HS with Radeon Graphics, 12 cores, 14G, Ubuntu 24.04.1 LTS
Time: Wed Sep  3 23:36:20 2025 -04 elapsed time: 0.003663 seconds (0d 0h 0m 0s)

---------------  T H R E A D  ---------------

Current thread (0x00005fb12ac71400):  JavaThread "Unknown thread" [_thread_in_vm, id=284160, stack(0x00007fff4113c000,0x00007fff4193b000)]

Stack: [0x00007fff4113c000,0x00007fff4193b000],  sp=0x00007fff41935740,  free space=8165k
Native frames: (J=compiled Java code, j=interpreted, Vv=VM code, C=native code)
V  [libjvm.so+0xf40745]  VMError::report_and_die(int, char const*, char const*, __va_list_tag*, Thread*, unsigned char*, void*, void*, char const*, int, unsigned long)+0x175
V  [libjvm.so+0xf41291]  VMError::report_and_die(Thread*, char const*, int, unsigned long, VMErrorType, char const*, __va_list_tag*)+0x31
V  [libjvm.so+0x60f160]  report_vm_out_of_memory(char const*, int, unsigned long, VMErrorType, char const*, ...)+0xe0
V  [libjvm.so+0xf74e76]  WorkerManager::add_workers(WorkGang*, unsigned int, unsigned int, unsigned int, os::ThreadType, bool)+0x1a6
V  [libjvm.so+0xf750fd]  WorkGang::initialize_workers()+0x4d
V  [libjvm.so+0x6f91f1]  G1CollectedHeap::initialize()+0x631
V  [libjvm.so+0xeecd29]  universe_init()+0xd9
V  [libjvm.so+0x80b13a]  init_globals()+0x3a
V  [libjvm.so+0xec2729]  Threads::create_vm(JavaVMInitArgs*, bool*)+0x2f9
V  [libjvm.so+0x8ccef3]  JNI_CreateJavaVM+0x53
C  [libjli.so+0x3dc3]  JavaMain+0x93
C  [libjli.so+0x8e18]  CallJavaMainInNewThread+0x98
C  [libjli.so+0x5e01]  ContinueInNewThread+0x61
C  [libjli.so+0x69f7]  JLI_Launch+0x9d7
C  [java+0x12b6]
C  [libc.so.6+0x2a1ca]
C  [libc.so.6+0x2a28b]  __libc_start_main+0x8b


---------------  P R O C E S S  ---------------

Threads class SMR info:
_java_thread_list=0x00007a81c5f814a0, length=0, elements={
}

Java Threads: ( => current thread )

Other Threads:

[error occurred during error reporting (printing all threads), id 0xb, SIGSEGV (0xb) at pc=0x00007a81c5305c94]

VM state: not at safepoint (not fully initialized)

VM Mutex/Monitor currently owned by a thread:  ([mutex/lock_event])
[0x00005fb12ac6e940] Heap_lock - owner thread: 0x00005fb12ac71400

Heap address: 0x0000000712a00000, size: 3798 MB, Compressed Oops mode: Zero based, Oop shift amount: 3

CDS archive(s) mapped at: [0x0000000000000000-0x0000000000000000-0x0000000000000000), size 0, SharedBaseAddress: 0x0000000800000000, ArchiveRelocationMode: 1.
Narrow klass base: 0x0000000000000000, Narrow klass shift: 0, Narrow klass range: 0x0

GC Precious Log:
<Empty>

Heap:
 garbage-first heap   total 0K, used 0K [0x0000000712a00000, 0x0000000800000000)
  region size 2048K, 0 young (0K), 0 survivors (0K)

[error occurred during error reporting (printing heap information), id 0xb, SIGSEGV (0xb) at pc=0x00007a81c58eafbe]

GC Heap History (0 events):
No events

Dll operation events (1 events):
Event: 0.002 Loaded shared library /usr/lib/jvm/java-17-openjdk-amd64/lib/libjava.so

Deoptimization events (0 events):
No events

Classes loaded (0 events):
No events

Classes unloaded (0 events):
No events

Classes redefined (0 events):
No events

Internal exceptions (0 events):
No events

VM Operations (0 events):
No events

Memory protections (1 events):
Event: 0.002 Protecting memory [0x00007fff4113c000,0x00007fff41140000] with protection modes 0

Nmethod flushes (0 events):
No events

Events (0 events):
No events


Dynamic libraries:
712a00000-800000000 ---p 00000000 00:00 0 
5fb0f0885000-5fb0f0886000 r--p 00000000 fc:00 5508086                    /usr/lib/jvm/java-17-openjdk-amd64/bin/java
5fb0f0886000-5fb0f0887000 r-xp 00001000 fc:00 5508086                    /usr/lib/jvm/java-17-openjdk-amd64/bin/java
5fb0f0887000-5fb0f0888000 r--p 00002000 fc:00 5508086                    /usr/lib/jvm/java-17-openjdk-amd64/bin/java
5fb0f0888000-5fb0f0889000 r--p 00002000 fc:00 5508086                    /usr/lib/jvm/java-17-openjdk-amd64/bin/java
5fb0f0889000-5fb0f088a000 rw-p 00003000 fc:00 5508086                    /usr/lib/jvm/java-17-openjdk-amd64/bin/java
5fb12ac2e000-5fb12ad1b000 rw-p 00000000 00:00 0                          [heap]
7a81a3f38000-7a81a4319000 rw-p 00000000 00:00 0 
7a81a4319000-7a81a431a000 ---p 00000000 00:00 0 
7a81a431a000-7a81a441a000 rw-p 00000000 00:00 0 
7a81a441a000-7a81ad10b000 ---p 00000000 00:00 0 
7a81ad10b000-7a81adb1a000 rw-p 00000000 00:00 0 
7a81adb1a000-7a81adc00000 ---p 00000000 00:00 0 
7a81adc00000-7a81ade70000 rwxp 00000000 00:00 0 
7a81ade70000-7a81b5137000 ---p 00000000 00:00 0 
7a81b5137000-7a81b53a7000 rwxp 00000000 00:00 0 
7a81b53a7000-7a81b56c9000 ---p 00000000 00:00 0 
7a81b56c9000-7a81b5939000 rwxp 00000000 00:00 0 
7a81b5939000-7a81bcc00000 ---p 00000000 00:00 0 
7a81bcc00000-7a81c46b2000 r--s 00000000 fc:00 5522583                    /usr/lib/jvm/java-17-openjdk-amd64/lib/modules
7a81c4715000-7a81c471a000 rw-p 00000000 00:00 0 
7a81c471a000-7a81c4800000 ---p 00000000 00:00 0 
7a81c4800000-7a81c489d000 r--p 00000000 fc:00 5375615                    /usr/lib/x86_64-linux-gnu/libstdc++.so.6.0.33
7a81c489d000-7a81c49e5000 r-xp 0009d000 fc:00 5375615                    /usr/lib/x86_64-linux-gnu/libstdc++.so.6.0.33
7a81c49e5000-7a81c4a6c000 r--p 001e5000 fc:00 5375615                    /usr/lib/x86_64-linux-gnu/libstdc++.so.6.0.33
7a81c4a6c000-7a81c4a77000 r--p 0026b000 fc:00 5375615                    /usr/lib/x86_64-linux-gnu/libstdc++.so.6.0.33
7a81c4a77000-7a81c4a7a000 rw-p 00276000 fc:00 5375615                    /usr/lib/x86_64-linux-gnu/libstdc++.so.6.0.33
7a81c4a7a000-7a81c4a7e000 rw-p 00000000 00:00 0 
7a81c4a85000-7a81c4b00000 rw-p 00000000 00:00 0 
7a81c4b00000-7a81c4c00000 rw-p 00000000 00:00 0 
7a81c4c00000-7a81c4e51000 r--p 00000000 fc:00 5522587                    /usr/lib/jvm/java-17-openjdk-amd64/lib/server/libjvm.so
7a81c4e51000-7a81c5bc3000 r-xp 00251000 fc:00 5522587                    /usr/lib/jvm/java-17-openjdk-amd64/lib/server/libjvm.so
7a81c5bc3000-7a81c5e44000 r--p 00fc3000 fc:00 5522587                    /usr/lib/jvm/java-17-openjdk-amd64/lib/server/libjvm.so
7a81c5e44000-7a81c5efc000 r--p 01244000 fc:00 5522587                    /usr/lib/jvm/java-17-openjdk-amd64/lib/server/libjvm.so
7a81c5efc000-7a81c5f31000 rw-p 012fc000 fc:00 5522587                    /usr/lib/jvm/java-17-openjdk-amd64/lib/server/libjvm.so
7a81c5f31000-7a81c5f8b000 rw-p 00000000 00:00 0 
7a81c6000000-7a81c6028000 r--p 00000000 fc:00 5403638                    /usr/lib/x86_64-linux-gnu/libc.so.6
7a81c6028000-7a81c61b0000 r-xp 00028000 fc:00 5403638                    /usr/lib/x86_64-linux-gnu/libc.so.6
7a81c61b0000-7a81c61ff000 r--p 001b0000 fc:00 5403638                    /usr/lib/x86_64-linux-gnu/libc.so.6
7a81c61ff000-7a81c6203000 r--p 001fe000 fc:00 5403638                    /usr/lib/x86_64-linux-gnu/libc.so.6
7a81c6203000-7a81c6205000 rw-p 00202000 fc:00 5403638                    /usr/lib/x86_64-linux-gnu/libc.so.6
7a81c6205000-7a81c6212000 rw-p 00000000 00:00 0 
7a81c6273000-7a81c6278000 rw-p 00000000 00:00 0 
7a81c6278000-7a81c627f000 ---p 00000000 00:00 0 
7a81c627f000-7a81c628b000 r--p 00000000 fc:00 5508826                    /usr/lib/jvm/java-17-openjdk-amd64/lib/libjava.so
7a81c628b000-7a81c629e000 r-xp 0000c000 fc:00 5508826                    /usr/lib/jvm/java-17-openjdk-amd64/lib/libjava.so
7a81c629e000-7a81c62a4000 r--p 0001f000 fc:00 5508826                    /usr/lib/jvm/java-17-openjdk-amd64/lib/libjava.so
7a81c62a4000-7a81c62a5000 r--p 00024000 fc:00 5508826                    /usr/lib/jvm/java-17-openjdk-amd64/lib/libjava.so
7a81c62a5000-7a81c62a6000 rw-p 00025000 fc:00 5508826                    /usr/lib/jvm/java-17-openjdk-amd64/lib/libjava.so
7a81c62a6000-7a81c62a7000 rw-p 00000000 00:00 0 
7a81c62a7000-7a81c62aa000 r--p 00000000 fc:00 5508828                    /usr/lib/jvm/java-17-openjdk-amd64/lib/libjdwp.so
7a81c62aa000-7a81c62d8000 r-xp 00003000 fc:00 5508828                    /usr/lib/jvm/java-17-openjdk-amd64/lib/libjdwp.so
7a81c62d8000-7a81c62e6000 r--p 00031000 fc:00 5508828                    /usr/lib/jvm/java-17-openjdk-amd64/lib/libjdwp.so
7a81c62e6000-7a81c62e7000 r--p 0003f000 fc:00 5508828                    /usr/lib/jvm/java-17-openjdk-amd64/lib/libjdwp.so
7a81c62e7000-7a81c62e8000 rw-p 00040000 fc:00 5508828                    /usr/lib/jvm/java-17-openjdk-amd64/lib/libjdwp.so
7a81c62e8000-7a81c62e9000 rw-p 00000000 00:00 0 
7a81c62e9000-7a81c62ed000 r--p 00000000 fc:00 5375732                    /usr/lib/x86_64-linux-gnu/libgcc_s.so.1
7a81c62ed000-7a81c6311000 r-xp 00004000 fc:00 5375732                    /usr/lib/x86_64-linux-gnu/libgcc_s.so.1
7a81c6311000-7a81c6315000 r--p 00028000 fc:00 5375732                    /usr/lib/x86_64-linux-gnu/libgcc_s.so.1
7a81c6315000-7a81c6316000 r--p 0002b000 fc:00 5375732                    /usr/lib/x86_64-linux-gnu/libgcc_s.so.1
7a81c6316000-7a81c6317000 rw-p 0002c000 fc:00 5375732                    /usr/lib/x86_64-linux-gnu/libgcc_s.so.1
7a81c6317000-7a81c6327000 r--p 00000000 fc:00 5403641                    /usr/lib/x86_64-linux-gnu/libm.so.6
7a81c6327000-7a81c63a6000 r-xp 00010000 fc:00 5403641                    /usr/lib/x86_64-linux-gnu/libm.so.6
7a81c63a6000-7a81c63fe000 r--p 0008f000 fc:00 5403641                    /usr/lib/x86_64-linux-gnu/libm.so.6
7a81c63fe000-7a81c63ff000 r--p 000e7000 fc:00 5403641                    /usr/lib/x86_64-linux-gnu/libm.so.6
7a81c63ff000-7a81c6400000 rw-p 000e8000 fc:00 5403641                    /usr/lib/x86_64-linux-gnu/libm.so.6
7a81c6400000-7a81c6402000 rw-p 00000000 00:00 0 
7a81c6402000-7a81c6404000 r--p 00000000 fc:00 5508830                    /usr/lib/jvm/java-17-openjdk-amd64/lib/libjli.so
7a81c6404000-7a81c640e000 r-xp 00002000 fc:00 5508830                    /usr/lib/jvm/java-17-openjdk-amd64/lib/libjli.so
7a81c640e000-7a81c6411000 r--p 0000c000 fc:00 5508830                    /usr/lib/jvm/java-17-openjdk-amd64/lib/libjli.so
7a81c6411000-7a81c6412000 r--p 0000f000 fc:00 5508830                    /usr/lib/jvm/java-17-openjdk-amd64/lib/libjli.so
7a81c6412000-7a81c6413000 rw-p 00010000 fc:00 5508830                    /usr/lib/jvm/java-17-openjdk-amd64/lib/libjli.so
7a81c6413000-7a81c6415000 r--p 00000000 fc:00 5386464                    /usr/lib/x86_64-linux-gnu/libz.so.1.3
7a81c6415000-7a81c6427000 r-xp 00002000 fc:00 5386464                    /usr/lib/x86_64-linux-gnu/libz.so.1.3
7a81c6427000-7a81c642d000 r--p 00014000 fc:00 5386464                    /usr/lib/x86_64-linux-gnu/libz.so.1.3
7a81c642d000-7a81c642e000 r--p 0001a000 fc:00 5386464                    /usr/lib/x86_64-linux-gnu/libz.so.1.3
7a81c642e000-7a81c642f000 rw-p 0001b000 fc:00 5386464                    /usr/lib/x86_64-linux-gnu/libz.so.1.3
7a81c6436000-7a81c643e000 rw-s 00000000 fc:00 6569132                    /tmp/hsperfdata_ruddypazd/284160
7a81c643e000-7a81c643f000 ---p 00000000 00:00 0 
7a81c643f000-7a81c6440000 r--p 00000000 00:00 0 
7a81c6440000-7a81c6441000 ---p 00000000 00:00 0 
7a81c6441000-7a81c6443000 r--p 00000000 fc:00 5508829                    /usr/lib/jvm/java-17-openjdk-amd64/lib/libjimage.so
7a81c6443000-7a81c6446000 r-xp 00002000 fc:00 5508829                    /usr/lib/jvm/java-17-openjdk-amd64/lib/libjimage.so
7a81c6446000-7a81c6447000 r--p 00005000 fc:00 5508829                    /usr/lib/jvm/java-17-openjdk-amd64/lib/libjimage.so
7a81c6447000-7a81c6448000 r--p 00006000 fc:00 5508829                    /usr/lib/jvm/java-17-openjdk-amd64/lib/libjimage.so
7a81c6448000-7a81c6449000 rw-p 00007000 fc:00 5508829                    /usr/lib/jvm/java-17-openjdk-amd64/lib/libjimage.so
7a81c6449000-7a81c644b000 rw-p 00000000 00:00 0 
7a81c644b000-7a81c644c000 r--p 00000000 fc:00 5403635                    /usr/lib/x86_64-linux-gnu/ld-linux-x86-64.so.2
7a81c644c000-7a81c6477000 r-xp 00001000 fc:00 5403635                    /usr/lib/x86_64-linux-gnu/ld-linux-x86-64.so.2
7a81c6477000-7a81c6481000 r--p 0002c000 fc:00 5403635                    /usr/lib/x86_64-linux-gnu/ld-linux-x86-64.so.2
7a81c6481000-7a81c6483000 r--p 00036000 fc:00 5403635                    /usr/lib/x86_64-linux-gnu/ld-linux-x86-64.so.2
7a81c6483000-7a81c6485000 rw-p 00038000 fc:00 5403635                    /usr/lib/x86_64-linux-gnu/ld-linux-x86-64.so.2
7fff4113c000-7fff41140000 ---p 00000000 00:00 0 
7fff4191a000-7fff4193c000 rw-p 00000000 00:00 0                          [stack]
7fff41982000-7fff41986000 r--p 00000000 00:00 0                          [vvar]
7fff41986000-7fff41988000 r-xp 00000000 00:00 0                          [vdso]
ffffffffff600000-ffffffffff601000 --xp 00000000 00:00 0                  [vsyscall]


VM Arguments:
jvm_args: -agentlib:jdwp=transport=dt_socket,server=n,suspend=y,address=localhost:39411 -XX:+ShowCodeDetailsInExceptionMessages 
java_command: App
java_class_path (initial): /home/ruddypazd/.config/Code/User/workspaceStorage/4dac76a265278a68a91fc0e5cec877fa/redhat.java/jdt_ws/server_d0b1c167/bin:/home/ruddypazd/Documents/GitHub/caja/server/lib/pdfbox-2.0.27.jar:/home/ruddypazd/Documents/GitHub/caja/server/lib/servisofts-java-service.jar:/home/ruddypazd/Documents/GitHub/caja/server/lib/commons-logging-1.2.jar:/home/ruddypazd/Documents/GitHub/caja/server/lib/javax.mail-1.6.2.jar:/home/ruddypazd/Documents/GitHub/caja/server/lib/activation-1.1.1.jar
Launcher Type: SUN_STANDARD

[Global flags]
     intx CICompilerCount                          = 4                                         {product} {ergonomic}
     uint ConcGCThreads                            = 3                                         {product} {ergonomic}
     uint G1ConcRefinementThreads                  = 10                                        {product} {ergonomic}
   size_t G1HeapRegionSize                         = 2097152                                   {product} {ergonomic}
    uintx GCDrainStackTargetSize                   = 64                                        {product} {ergonomic}
   size_t InitialHeapSize                          = 249561088                                 {product} {ergonomic}
   size_t MarkStackSize                            = 4194304                                   {product} {ergonomic}
   size_t MaxHeapSize                              = 3982491648                                {product} {ergonomic}
   size_t MinHeapDeltaBytes                        = 2097152                                   {product} {ergonomic}
   size_t MinHeapSize                              = 8388608                                   {product} {ergonomic}
    uintx NonNMethodCodeHeapSize                   = 5839372                                {pd product} {ergonomic}
    uintx NonProfiledCodeHeapSize                  = 122909434                              {pd product} {ergonomic}
    uintx ProfiledCodeHeapSize                     = 122909434                              {pd product} {ergonomic}
    uintx ReservedCodeCacheSize                    = 251658240                              {pd product} {ergonomic}
     bool SegmentedCodeCache                       = true                                      {product} {ergonomic}
     bool ShowCodeDetailsInExceptionMessages       = true                                   {manageable} {command line}
   size_t SoftMaxHeapSize                          = 3982491648                             {manageable} {ergonomic}
     bool UseCompressedClassPointers               = true                           {product lp64_product} {ergonomic}
     bool UseCompressedOops                        = true                           {product lp64_product} {ergonomic}
     bool UseG1GC                                  = true                                      {product} {ergonomic}

Logging:
Log output configuration:
 #0: stdout all=warning uptime,level,tags
 #1: stderr all=off uptime,level,tags

Environment Variables:
PATH=/home/ruddypazd/Android/platform-tools:/home/ruddypazd/Android/cmdline-tools/latest/bin:/usr/local/sbin:/usr/local/bin:/usr/sbin:/usr/bin:/sbin:/bin:/usr/games:/usr/local/games:/snap/bin:/home/ruddypazd/go/bin
USERNAME=ruddypazd
SHELL=/bin/bash
DISPLAY=:1
LANG=en_US.UTF-8
TERM=xterm-256color

Active Locale:
LC_ALL=C
LC_COLLATE=C
LC_CTYPE=C
LC_MESSAGES=C
LC_MONETARY=C
LC_NUMERIC=C
LC_TIME=C

Signal Handlers:
   SIGSEGV: crash_handler in libjvm.so, mask=11100100010111111101111111111110, flags=SA_RESTART|SA_SIGINFO, unblocked
    SIGBUS: crash_handler in libjvm.so, mask=11100100010111111101111111111110, flags=SA_RESTART|SA_SIGINFO, unblocked
    SIGFPE: crash_handler in libjvm.so, mask=11100100010111111101111111111110, flags=SA_RESTART|SA_SIGINFO, unblocked
   SIGPIPE: javaSignalHandler in libjvm.so, mask=11100100010111111101111111111110, flags=SA_RESTART|SA_SIGINFO, blocked
   SIGXFSZ: javaSignalHandler in libjvm.so, mask=11100100010111111101111111111110, flags=SA_RESTART|SA_SIGINFO, blocked
    SIGILL: crash_handler in libjvm.so, mask=11100100010111111101111111111110, flags=SA_RESTART|SA_SIGINFO, unblocked
   SIGUSR2: SR_handler in libjvm.so, mask=00000000000000000000000000000000, flags=SA_RESTART|SA_SIGINFO, blocked
    SIGHUP: SIG_DFL, mask=00000000000000000000000000000000, flags=none, blocked
    SIGINT: SIG_DFL, mask=00000000000000000000000000000000, flags=none, blocked
   SIGTERM: SIG_DFL, mask=00000000000000000000000000000000, flags=none, blocked
   SIGQUIT: UserHandler in libjvm.so, mask=11100100010111111101111111111110, flags=SA_RESTART|SA_SIGINFO, blocked
   SIGTRAP: crash_handler in libjvm.so, mask=11100100010111111101111111111110, flags=SA_RESTART|SA_SIGINFO, unblocked


Periodic native trim disabled


---------------  S Y S T E M  ---------------

OS:
DISTRIB_ID=Ubuntu
DISTRIB_RELEASE=24.04
DISTRIB_CODENAME=noble
DISTRIB_DESCRIPTION="Ubuntu 24.04.1 LTS"
uname: Linux 6.8.0-79-generic #79-Ubuntu SMP PREEMPT_DYNAMIC Tue Aug 12 14:42:46 UTC 2025 x86_64
OS uptime: 0 days 6:14 hours
libc: glibc 2.39 NPTL 2.39 
rlimit (soft/hard): STACK 8192k/infinity , CORE 0k/infinity , NPROC 59834/59834 , NOFILE 1048576/1048576 , AS infinity/infinity , CPU infinity/infinity , DATA infinity/infinity , FSIZE infinity/infinity , MEMLOCK 1943608k/1943608k
load average: 2.04 1.24 0.89

/proc/meminfo:
MemTotal:       15548876 kB
MemFree:          783712 kB
MemAvailable:    4011752 kB
Buffers:          101336 kB
Cached:          3011112 kB
SwapCached:           88 kB
Active:          8106736 kB
Inactive:        4623152 kB
Active(anon):    6429172 kB
Inactive(anon):  2897348 kB
Active(file):    1677564 kB
Inactive(file):  1725804 kB
Unevictable:       27364 kB
Mlocked:           27364 kB
SwapTotal:       4194300 kB
SwapFree:        4193020 kB
Zswap:                 0 kB
Zswapped:              0 kB
Dirty:               232 kB
Writeback:             4 kB
AnonPages:       9644620 kB
Mapped:          1681180 kB
Shmem:            237268 kB
KReclaimable:     151304 kB
Slab:             654952 kB
SReclaimable:     151304 kB
SUnreclaim:       503648 kB
KernelStack:      311232 kB
PageTables:       119332 kB
SecPageTables:         0 kB
NFS_Unstable:          0 kB
Bounce:                0 kB
WritebackTmp:          0 kB
CommitLimit:    11968736 kB
Committed_AS:   45042360 kB
VmallocTotal:   34359738367 kB
VmallocUsed:      486840 kB
VmallocChunk:          0 kB
Percpu:            16656 kB
HardwareCorrupted:     0 kB
AnonHugePages:         0 kB
ShmemHugePages:        0 kB
ShmemPmdMapped:        0 kB
FileHugePages:         0 kB
FilePmdMapped:         0 kB
Unaccepted:            0 kB
HugePages_Total:       0
HugePages_Free:        0
HugePages_Rsvd:        0
HugePages_Surp:        0
Hugepagesize:       2048 kB
Hugetlb:               0 kB
DirectMap4k:     1828660 kB
DirectMap2M:    12021760 kB
DirectMap1G:     3145728 kB

/sys/kernel/mm/transparent_hugepage/enabled: always [madvise] never
/sys/kernel/mm/transparent_hugepage/hpage_pmd_size: 2097152
/sys/kernel/mm/transparent_hugepage/defrag (defrag/compaction efforts parameter): always defer defer+madvise [madvise] never

Process Memory:
Virtual Size: 4451472K (peak: 4451472K)
Resident Set Size: 20736K (peak: 20736K) (anon: 6144K, file: 14592K, shmem: 0K)
Swapped out: 0K
C-Heap outstanding allocations: 15103K, retained: 96K
glibc malloc tunables: (default)

/proc/sys/kernel/threads-max (system-wide limit on the number of threads): 119669
/proc/sys/vm/max_map_count (maximum number of memory map areas a process may have): 1048576
/proc/sys/vm/swappiness (control to define how aggressively the kernel swaps out anonymous memory): 60
/proc/sys/kernel/pid_max (system-wide limit on number of process identifiers): 4194304

container (cgroup) information:
container_type: cgroupv2
cpu_cpuset_cpus: not supported
cpu_memory_nodes: not supported
active_processor_count: 12
cpu_quota: not supported
cpu_period: not supported
cpu_shares: not supported
memory_limit_in_bytes: unlimited
memory_and_swap_limit_in_bytes: unlimited
memory_soft_limit_in_bytes: 0
memory_usage_in_bytes: 7209264 k
memory_max_usage_in_bytes: not supported
memory_swap_current_in_bytes: 0
memory_swap_max_limit_in_bytes: unlimited
maximum number of tasks: 17950
current number of tasks: 17950

Steal ticks since vm start: 0
Steal ticks percentage since vm start:  0.000

CPU: total 12 (initial active 12) (12 cores per cpu, 2 threads per core) family 25 model 68 stepping 1 microcode 0xa404107, cx8, cmov, fxsr, ht, mmx, 3dnowpref, sse, sse2, sse3, ssse3, sse4a, sse4.1, sse4.2, popcnt, lzcnt, tsc, tscinvbit, avx, avx2, aes, erms, clmul, bmi1, bmi2, adx, sha, fma, vzeroupper, clflush, clflushopt
CPU Model and flags from /proc/cpuinfo:
model name	: AMD Ryzen 5 7535HS with Radeon Graphics
flags		: fpu vme de pse tsc msr pae mce cx8 apic sep mtrr pge mca cmov pat pse36 clflush mmx fxsr sse sse2 ht syscall nx mmxext fxsr_opt pdpe1gb rdtscp lm constant_tsc rep_good nopl nonstop_tsc cpuid extd_apicid aperfmperf rapl pni pclmulqdq monitor ssse3 fma cx16 sse4_1 sse4_2 x2apic movbe popcnt aes xsave avx f16c rdrand lahf_lm cmp_legacy svm extapic cr8_legacy abm sse4a misalignsse 3dnowprefetch osvw ibs skinit wdt tce topoext perfctr_core perfctr_nb bpext perfctr_llc mwaitx cpb cat_l3 cdp_l3 hw_pstate ssbd mba ibrs ibpb stibp vmmcall fsgsbase bmi1 avx2 smep bmi2 erms invpcid cqm rdt_a rdseed adx smap clflushopt clwb sha_ni xsaveopt xsavec xgetbv1 xsaves cqm_llc cqm_occup_llc cqm_mbm_total cqm_mbm_local user_shstk clzero irperf xsaveerptr rdpru wbnoinvd cppc arat npt lbrv svm_lock nrip_save tsc_scale vmcb_clean flushbyasid decodeassists pausefilter pfthreshold avic v_vmsave_vmload vgif v_spec_ctrl umip pku ospke vaes vpclmulqdq rdpid overflow_recov succor smca fsrm debug_swap

Online cpus: 0-11
Offline cpus: 
BIOS frequency limitation: <Not Available>
Frequency switch latency (ns): 0
Available cpu frequencies: <Not Available>
Current governor: powersave
Core performance/turbo boost: <Not Available>

Memory: 4k page, physical 15548876k(783712k free), swap 4194300k(4193020k free)
Page Sizes: 4k

vm_info: OpenJDK 64-Bit Server VM (17.0.16+8-Ubuntu-0ubuntu124.04.1) for linux-amd64 JRE (17.0.16+8-Ubuntu-0ubuntu124.04.1), built on Jul 17 2025 00:01:45 by "buildd" with gcc 13.3.0

END.
